Build started 26/01/2017 00:55:29.
     1>Project "C:\Users\Robbie\Desktop\4th Year\Game Engineering\CI\CommandPattern\CommandPattern\CommandPattern.vcxproj" on node 2 (Build target(s)).
     1>ClCompile:
         C:\Program Files (x86)\Microsoft Visual Studio 12.0\VC\bin\CL.exe /c /ZI /nologo /W3 /WX- /sdl /Od /Oy- /D WIN32 /D _DEBUG /D _CONSOLE /D _LIB /D _UNICODE /D UNICODE /Gm /EHsc /RTC1 /MDd /GS /fp:precise /Zc:wchar_t /Zc:forScope /Yu"stdafx.h" /Fp"Debug\CommandPattern.pch" /Fo"Debug\\" /Fd"Debug\vc120.pdb" /Gd /TP /analyze- /errorReport:prompt CommandPattern.cpp Game.cpp InputManager.cpp
         InputManager.cpp
         Generating Code...
         Compiling...
         Game.cpp
         Generating Code...
         Skipping... (no relevant changes detected)
         CommandPattern.cpp
       Link:
         C:\Program Files (x86)\Microsoft Visual Studio 12.0\VC\bin\link.exe /ERRORREPORT:PROMPT /OUT:"C:\Users\Robbie\Desktop\4th Year\Game Engineering\CI\CommandPattern\Debug\CommandPattern.exe" /INCREMENTAL /NOLOGO SDL2.lib SDL2main.lib kernel32.lib user32.lib gdi32.lib winspool.lib comdlg32.lib advapi32.lib shell32.lib ole32.lib oleaut32.lib uuid.lib odbc32.lib odbccp32.lib /MANIFEST /MANIFESTUAC:"level='asInvoker' uiAccess='false'" /manifest:embed /DEBUG /PDB:"C:\Users\Robbie\Desktop\4th Year\Game Engineering\CI\CommandPattern\Debug\CommandPattern.pdb" /SUBSYSTEM:CONSOLE /TLBID:1 /DYNAMICBASE /NXCOMPAT /IMPLIB:"C:\Users\Robbie\Desktop\4th Year\Game Engineering\CI\CommandPattern\Debug\CommandPattern.lib" /MACHINE:X86 Debug\Command.obj
         Debug\CommandPattern.obj
         Debug\Game.obj
         Debug\InputManager.obj
         Debug\Player.obj
         Debug\stdafx.obj
         CommandPattern.vcxproj -> C:\Users\Robbie\Desktop\4th Year\Game Engineering\CI\CommandPattern\Debug\CommandPattern.exe
     1>Done Building Project "C:\Users\Robbie\Desktop\4th Year\Game Engineering\CI\CommandPattern\CommandPattern\CommandPattern.vcxproj" (Build target(s)).

Build succeeded.

Time Elapsed 00:00:00.86
